                                      1 ;--------------------------------------------------------
                                      2 ; File Created by SDCC : free open source ISO C Compiler 
                                      3 ; Version 4.2.2 #13350 (MINGW64)
                                      4 ;--------------------------------------------------------
                                      5 	.module proportional_font
                                      6 	.optsdcc -msm83
                                      7 	
                                      8 ;--------------------------------------------------------
                                      9 ; Public variables in this module
                                     10 ;--------------------------------------------------------
                                     11 	.globl _proportional_font_data
                                     12 ;--------------------------------------------------------
                                     13 ; special function registers
                                     14 ;--------------------------------------------------------
                                     15 ;--------------------------------------------------------
                                     16 ; ram data
                                     17 ;--------------------------------------------------------
                                     18 	.area _DATA
                                     19 ;--------------------------------------------------------
                                     20 ; ram data
                                     21 ;--------------------------------------------------------
                                     22 	.area _INITIALIZED
      000000                         23 _proportional_font_data::
      000000                         24 	.ds 12
                                     25 ;--------------------------------------------------------
                                     26 ; absolute external ram data
                                     27 ;--------------------------------------------------------
                                     28 	.area _DABS (ABS)
                                     29 ;--------------------------------------------------------
                                     30 ; global & static initialisations
                                     31 ;--------------------------------------------------------
                                     32 	.area _HOME
                                     33 	.area _GSINIT
                                     34 	.area _GSFINAL
                                     35 	.area _GSINIT
                                     36 ;--------------------------------------------------------
                                     37 ; Home
                                     38 ;--------------------------------------------------------
                                     39 	.area _HOME
                                     40 	.area _HOME
                                     41 ;--------------------------------------------------------
                                     42 ; code
                                     43 ;--------------------------------------------------------
                                     44 	.area _CODE
                                     45 	.area _CODE
                                     46 	.area _INITIALIZER
      000000                         47 __xinit__proportional_font_data:
      000000 03                      48 	.db #0x03	; 3
      000001 FF                      49 	.db #0xff	; 255
      000002 FF                      50 	.db #0xff	; 255
      000003 FF                      51 	.db #0xff	; 255
      000004 01                      52 	.db #0x01	; 1
      000005 00                      53 	.db #0x00	; 0
      000006 01                      54 	.db #0x01	; 1
      000007 5E                      55 	.db #0x5e	; 94
      000008 03                      56 	.db #0x03	; 3
      000009 06                      57 	.db #0x06	; 6
      00000A 00                      58 	.db #0x00	; 0
      00000B 06                      59 	.db #0x06	; 6
                                     60 	.area _CABS (ABS)
